2020-06-08 17:02:06,356 INFO [root] [__init__.py(<module>:10)] - Test日志会不会打印！！！
2020-06-08 17:02:06,675 INFO [root] [test_ihrm_login.py(test01_login_success:23)] - 登录成功的结果为：{'success': True, 'code': 10000, 'message': '操作成功！', 'data': 'df16ec81-db66-4e30-983c-32e6333368a9'}
2020-06-08 17:02:06,725 INFO [root] [test_ihrm_login.py(test02_mobile_is_empty:32)] - 手机号码为空的结果为：{'success': False, 'code': 20001, 'message': '用户名或密码错误', 'data': None}
2020-06-08 17:02:06,769 INFO [root] [test_ihrm_login.py(test03_mobile_is_not_exists:41)] - 手机号码不存在的结果为：{'success': False, 'code': 20001, 'message': '用户名或密码错误', 'data': None}
2020-06-08 17:02:06,826 INFO [root] [test_ihrm_login.py(test04_password_is_error:50)] - 密码错误的结果为：{'success': False, 'code': 20001, 'message': '用户名或密码错误', 'data': None}
2020-06-08 17:02:06,896 INFO [root] [test_ihrm_login.py(test05_params_is_none:58)] - 无参的结果为：{'success': False, 'code': 20001, 'message': '用户名或密码错误', 'data': None}
2020-06-08 17:02:06,936 INFO [root] [test_ihrm_login.py(test06_params_is_null:66)] - 传入None的结果为：{'success': False, 'code': 99999, 'message': '抱歉，系统繁忙，请稍后重试！', 'data': None}
2020-06-08 17:02:06,990 INFO [root] [test_ihrm_login.py(test07_more_params:75)] - 多参的结果为：{'success': True, 'code': 10000, 'message': '操作成功！', 'data': '51176ec6-dafe-4516-8fbf-d8f05ad177d2'}
2020-06-08 17:02:07,055 INFO [root] [test_ihrm_login.py(test08_less_params_mobile:84)] - 少参-缺少mobile的结果为：{'success': False, 'code': 20001, 'message': '用户名或密码错误', 'data': None}
2020-06-08 17:02:07,100 INFO [root] [test_ihrm_login.py(test09_less_password:93)] - 少参-缺少Passowrd的结果为：{'success': False, 'code': 20001, 'message': '用户名或密码错误', 'data': None}
2020-06-08 17:02:07,141 INFO [root] [test_ihrm_login.py(test10_params_is_error:102)] - 错误参数的结果为：{'success': False, 'code': 20001, 'message': '用户名或密码错误', 'data': None}
2020-06-08 17:02:07,176 INFO [root] [test_ihrm_login.py(test11_password_is_empty:111)] - 密码为空的结果为：{'success': False, 'code': 20001, 'message': '用户名或密码错误', 'data': None}
2020-06-08 17:02:24,985 INFO [root] [__init__.py(<module>:10)] - Test日志会不会打印！！！
2020-06-08 17:02:25,215 INFO [root] [test_ihrm_employee.py(test01_login_success:30)] - 登录接口返回的结果为：{'success': True, 'code': 10000, 'message': '操作成功！', 'data': '8a1d76b8-5709-44fc-8fe0-c95758d4e9e7'}
2020-06-08 17:02:25,215 INFO [root] [test_ihrm_employee.py(test01_login_success:36)] - 保存到全局变量中的请求头为：{'Content-Type': 'application/json', 'Authorization': 'Bearer 8a1d76b8-5709-44fc-8fe0-c95758d4e9e7'}
2020-06-08 17:02:25,215 INFO [root] [test_ihrm_employee.py(test02_add_emp:42)] - app.HEADERS的值是：{'Content-Type': 'application/json', 'Authorization': 'Bearer 8a1d76b8-5709-44fc-8fe0-c95758d4e9e7'}
2020-06-08 17:02:25,265 INFO [root] [test_ihrm_employee.py(test02_add_emp:46)] - 添加员工的结果为：{'success': False, 'code': 99999, 'message': '抱歉，系统繁忙，请稍后重试！', 'data': None}
2020-06-08 17:03:06,415 INFO [root] [__init__.py(<module>:10)] - Test日志会不会打印！！！
2020-06-08 17:03:06,700 INFO [root] [test_ihrm_employee.py(test01_login_success:30)] - 登录接口返回的结果为：{'success': True, 'code': 10000, 'message': '操作成功！', 'data': '108f940e-8cda-4074-8834-a62c650658c5'}
2020-06-08 17:03:06,700 INFO [root] [test_ihrm_employee.py(test01_login_success:36)] - 保存到全局变量中的请求头为：{'Content-Type': 'application/json', 'Authorization': 'Bearer 108f940e-8cda-4074-8834-a62c650658c5'}
2020-06-08 17:03:06,700 INFO [root] [test_ihrm_employee.py(test02_add_emp:42)] - app.HEADERS的值是：{'Content-Type': 'application/json', 'Authorization': 'Bearer 108f940e-8cda-4074-8834-a62c650658c5'}
2020-06-08 17:03:06,746 INFO [root] [test_ihrm_employee.py(test02_add_emp:46)] - 添加员工的结果为：{'success': False, 'code': 99999, 'message': '抱歉，系统繁忙，请稍后重试！', 'data': None}
